<?xml version="1.0" encoding="UTF-8"?>
<testsuite name="org.ordermanagement.copy.demo.OrderCopyClientTest" tests="2" skipped="0" failures="0" errors="0" timestamp="2024-04-15T12:16:23" hostname="Sudiss-MacBook-Pro.local" time="0.033">
  <properties/>
  <testcase name="Deep copy retains original order intact" classname="org.ordermanagement.copy.demo.OrderCopyClientTest" time="0.031"/>
  <testcase name="Shall copy overwrites original order line's description" classname="org.ordermanagement.copy.demo.OrderCopyClientTest" time="0.001"/>
  <system-out><![CDATA[]]></system-out>
  <system-err><![CDATA[]]></system-err>
</testsuite>
